TN:
SF:src\store.ts
FNF:0
FNH:0
DA:5,2
LF:1
LH:1
BRF:0
BRH:0
end_of_record
TN:
SF:src\features\cart\cartSlice.ts
FN:18,(anonymous_0)
FN:20,(anonymous_1)
FN:28,(anonymous_2)
FN:35,(anonymous_3)
FN:39,(anonymous_4)
FN:43,(anonymous_5)
FNF:6
FNH:4
FNDA:1,(anonymous_0)
FNDA:0,(anonymous_1)
FNDA:2,(anonymous_2)
FNDA:3,(anonymous_3)
FNDA:1,(anonymous_4)
FNDA:0,(anonymous_5)
DA:9,3
DA:14,3
DA:19,1
DA:20,0
DA:22,1
DA:23,0
DA:25,1
DA:29,2
DA:30,1
DA:32,1
DA:36,3
DA:37,3
DA:38,1
DA:40,1
DA:43,0
DA:46,3
DA:51,3
LF:17
LH:14
BRDA:22,0,0,0
BRDA:22,0,1,1
BRDA:29,1,0,1
BRDA:29,1,1,1
BRDA:37,2,0,1
BRDA:37,2,1,2
BRDA:46,3,0,2
BRDA:46,3,1,1
BRF:8
BRH:7
end_of_record
TN:
SF:src\features\tab\tabSlice.ts
FN:16,(anonymous_0)
FNF:1
FNH:1
FNDA:1,(anonymous_0)
DA:8,3
DA:12,3
DA:17,1
DA:22,3
LF:4
LH:4
BRF:0
BRH:0
end_of_record
TN:
SF:src\pages\Home\index.tsx
FN:33,(anonymous_0)
FN:34,(anonymous_1)
FN:35,(anonymous_2)
FN:56,(anonymous_3)
FN:64,(anonymous_4)
FN:73,(anonymous_5)
FN:79,(anonymous_6)
FN:80,(anonymous_7)
FN:81,(anonymous_8)
FN:90,(anonymous_9)
FN:108,(anonymous_10)
FN:113,(anonymous_11)
FN:114,(anonymous_12)
FN:121,(anonymous_13)
FN:122,(anonymous_14)
FN:129,(anonymous_15)
FN:133,(anonymous_16)
FN:136,(anonymous_17)
FN:141,(anonymous_18)
FN:143,(anonymous_19)
FN:148,(anonymous_20)
FN:150,(anonymous_21)
FN:151,(anonymous_22)
FN:179,(anonymous_23)
FN:188,(anonymous_24)
FN:196,(anonymous_25)
FN:203,(anonymous_26)
FN:219,(anonymous_27)
FN:220,(anonymous_28)
FN:229,(anonymous_29)
FN:237,(anonymous_30)
FN:238,(anonymous_31)
FN:269,(anonymous_32)
FN:270,(anonymous_33)
FN:279,(anonymous_34)
FN:284,(anonymous_35)
FN:285,(anonymous_36)
FN:314,(anonymous_37)
FN:325,(anonymous_38)
FN:339,(anonymous_39)
FN:348,(anonymous_40)
FN:357,(anonymous_41)
FN:368,(anonymous_42)
FN:375,(anonymous_43)
FN:379,(anonymous_44)
FNF:45
FNH:14
FNDA:13,(anonymous_0)
FNDA:14,(anonymous_1)
FNDA:14,(anonymous_2)
FNDA:6,(anonymous_3)
FNDA:6,(anonymous_4)
FNDA:2,(anonymous_5)
FNDA:0,(anonymous_6)
FNDA:0,(anonymous_7)
FNDA:0,(anonymous_8)
FNDA:0,(anonymous_9)
FNDA:2,(anonymous_10)
FNDA:2,(anonymous_11)
FNDA:0,(anonymous_12)
FNDA:2,(anonymous_13)
FNDA:0,(anonymous_14)
FNDA:4,(anonymous_15)
FNDA:0,(anonymous_16)
FNDA:0,(anonymous_17)
FNDA:0,(anonymous_18)
FNDA:0,(anonymous_19)
FNDA:0,(anonymous_20)
FNDA:0,(anonymous_21)
FNDA:0,(anonymous_22)
FNDA:1,(anonymous_23)
FNDA:1,(anonymous_24)
FNDA:1,(anonymous_25)
FNDA:1,(anonymous_26)
FNDA:0,(anonymous_27)
FNDA:0,(anonymous_28)
FNDA:0,(anonymous_29)
FNDA:0,(anonymous_30)
FNDA:0,(anonymous_31)
FNDA:0,(anonymous_32)
FNDA:0,(anonymous_33)
FNDA:0,(anonymous_34)
FNDA:0,(anonymous_35)
FNDA:0,(anonymous_36)
FNDA:0,(anonymous_37)
FNDA:0,(anonymous_38)
FNDA:0,(anonymous_39)
FNDA:0,(anonymous_40)
FNDA:0,(anonymous_41)
FNDA:0,(anonymous_42)
FNDA:0,(anonymous_43)
FNDA:0,(anonymous_44)
DA:33,1
DA:34,14
DA:35,14
DA:36,13
DA:37,13
DA:38,13
DA:39,13
DA:40,13
DA:41,13
DA:42,13
DA:43,13
DA:44,13
DA:46,13
DA:56,13
DA:57,6
DA:58,6
DA:60,6
DA:64,13
DA:65,6
DA:66,0
DA:67,0
DA:69,6
DA:73,13
DA:74,2
DA:75,0
DA:76,0
DA:77,0
DA:79,0
DA:80,0
DA:81,0
DA:82,0
DA:83,0
DA:85,0
DA:89,0
DA:90,0
DA:92,0
DA:93,0
DA:95,0
DA:98,0
DA:101,0
DA:102,0
DA:103,0
DA:108,13
DA:109,2
DA:113,13
DA:114,2
DA:118,2
DA:121,13
DA:122,2
DA:126,2
DA:129,13
DA:130,4
DA:131,0
DA:132,0
DA:133,0
DA:135,0
DA:136,0
DA:139,0
DA:140,0
DA:141,0
DA:142,0
DA:143,0
DA:147,0
DA:148,0
DA:149,0
DA:151,0
DA:156,0
DA:157,0
DA:161,13
DA:179,1
DA:188,1
DA:196,1
DA:203,1
DA:220,0
DA:230,0
DA:238,0
DA:239,0
DA:240,0
DA:241,0
DA:270,0
DA:280,0
DA:285,0
DA:286,0
DA:287,0
DA:288,0
DA:315,0
DA:326,0
DA:340,0
DA:348,0
DA:357,0
DA:369,0
DA:375,0
DA:379,0
LF:93
LH:37
BRDA:65,0,0,0
BRDA:65,0,1,6
BRDA:65,1,0,6
BRDA:65,1,1,0
BRDA:74,2,0,0
BRDA:74,2,1,2
BRDA:82,3,0,0
BRDA:82,3,1,0
BRDA:92,4,0,0
BRDA:92,4,1,0
BRDA:130,5,0,0
BRDA:130,5,1,4
BRDA:139,6,0,0
BRDA:139,6,1,0
BRDA:139,7,0,0
BRDA:139,7,1,0
BRDA:140,8,0,0
BRDA:140,8,1,0
BRDA:147,9,0,0
BRDA:147,9,1,0
BRDA:235,10,0,0
BRDA:235,10,1,0
BRDA:283,11,0,0
BRDA:283,11,1,0
BRDA:312,12,0,13
BRDA:312,12,1,0
BRDA:315,13,0,0
BRDA:315,13,1,0
BRDA:323,14,0,0
BRDA:323,14,1,13
BRDA:326,15,0,0
BRDA:326,15,1,0
BRDA:333,16,0,0
BRDA:333,16,1,13
BRDA:366,17,0,0
BRDA:366,17,1,13
BRDA:398,18,0,13
BRDA:398,18,1,10
BRF:38
BRH:10
end_of_record
TN:
SF:src\pages\Home\type.ts
FNF:0
FNH:0
DA:41,3
DA:46,3
LF:2
LH:2
BRF:0
BRH:0
end_of_record
TN:
SF:src\pages\NotFound\index.tsx
FN:4,(anonymous_0)
FNF:1
FNH:1
FNDA:1,(anonymous_0)
DA:4,1
DA:5,1
LF:2
LH:2
BRF:0
BRH:0
end_of_record
